# JRE version: Java(TM) SE Runtime Environment (8.0_121-b13) (build 1.8.0_121-b13)
# Java VM: Java HotSpot(TM) 64-Bit Server VM (25.121-b13 mixed mode windows-amd64 compressed oops)
Heap:
 PSYoungGen      total 101376K, used 25797K [0x00000000e0980000, 0x00000000e8180000, 0x0000000100000000)
  eden space 92160K, 18% used [0x00000000e0980000,0x00000000e19b3490,0x00000000e6380000)
  from space 9216K, 99% used [0x00000000e7080000,0x00000000e797dfb0,0x00000000e7980000)
  to   space 13312K, 0% used [0x00000000e6380000,0x00000000e6380000,0x00000000e7080000)
 ParOldGen       total 65536K, used 13220K [0x00000000a1c00000, 0x00000000a5c00000, 0x00000000e0980000)
  object space 65536K, 20% used [0x00000000a1c00000,0x00000000a28e9160,0x00000000a5c00000)
 Metaspace       used 15171K, capacity 15710K, committed 15872K, reserved 1062912K
  class space    used 1481K, capacity 1675K, committed 1792K, reserved 1048576K
GC Heap History (10 events):
Event: 3.319 GC heap before
{Heap before GC invocations=4 (full 0):
 PSYoungGen      total 28672K, used 28426K [0x00000000e0980000, 0x00000000e2980000, 0x0000000100000000)
  eden space 24576K, 100% used [0x00000000e0980000,0x00000000e2180000,0x00000000e2180000)
  from space 4096K, 94% used [0x00000000e2180000,0x00000000e2542bf0,0x00000000e2580000)
  to   space 4096K, 0% used [0x00000000e2580000,0x00000000e2580000,0x00000000e2980000)
 ParOldGen       total 65536K, used 24K [0x00000000a1c00000, 0x00000000a5c00000, 0x00000000e0980000)
  object space 65536K, 0% used [0x00000000a1c00000,0x00000000a1c06000,0x00000000a5c00000)
 Metaspace       used 10749K, capacity 11030K, committed 11264K, reserved 1058816K
  class space    used 1157K, capacity 1273K, committed 1280K, reserved 1048576K
Event: 3.328 GC heap after
Heap after GC invocations=4 (full 0):
 PSYoungGen      total 28672K, used 4091K [0x00000000e0980000, 0x00000000e4180000, 0x0000000100000000)
  eden space 24576K, 0% used [0x00000000e0980000,0x00000000e0980000,0x00000000e2180000)
  from space 4096K, 99% used [0x00000000e2580000,0x00000000e297ee98,0x00000000e2980000)
  to   space 4096K, 0% used [0x00000000e2180000,0x00000000e2180000,0x00000000e2580000)
 ParOldGen       total 65536K, used 1114K [0x00000000a1c00000, 0x00000000a5c00000, 0x00000000e0980000)
  object space 65536K, 1% used [0x00000000a1c00000,0x00000000a1d16980,0x00000000a5c00000)
 Metaspace       used 10749K, capacity 11030K, committed 11264K, reserved 1058816K
  class space    used 1157K, capacity 1273K, committed 1280K, reserved 1048576K
}
Event: 3.506 GC heap before
{Heap before GC invocations=5 (full 0):
 PSYoungGen      total 28672K, used 28667K [0x00000000e0980000, 0x00000000e4180000, 0x0000000100000000)
  eden space 24576K, 100% used [0x00000000e0980000,0x00000000e2180000,0x00000000e2180000)
  from space 4096K, 99% used [0x00000000e2580000,0x00000000e297ee98,0x00000000e2980000)
  to   space 4096K, 0% used [0x00000000e2180000,0x00000000e2180000,0x00000000e2580000)
 ParOldGen       total 65536K, used 1114K [0x00000000a1c00000, 0x00000000a5c00000, 0x00000000e0980000)
  object space 65536K, 1% used [0x00000000a1c00000,0x00000000a1d16980,0x00000000a5c00000)
 Metaspace       used 11270K, capacity 11640K, committed 11904K, reserved 1060864K
  class space    used 1191K, capacity 1330K, committed 1408K, reserved 1048576K
Event: 3.523 GC heap after
Heap after GC invocations=5 (full 0):
 PSYoungGen      total 28672K, used 4077K [0x00000000e0980000, 0x00000000e4980000, 0x0000000100000000)
  eden space 24576K, 0% used [0x00000000e0980000,0x00000000e0980000,0x00000000e2180000)
  from space 4096K, 99% used [0x00000000e2180000,0x00000000e257b430,0x00000000e2580000)
  to   space 8192K, 0% used [0x00000000e4180000,0x00000000e4180000,0x00000000e4980000)
 ParOldGen       total 65536K, used 4565K [0x00000000a1c00000, 0x00000000a5c00000, 0x00000000e0980000)
  object space 65536K, 6% used [0x00000000a1c00000,0x00000000a2075430,0x00000000a5c00000)
 Metaspace       used 11270K, capacity 11640K, committed 11904K, reserved 1060864K
  class space    used 1191K, capacity 1330K, committed 1408K, reserved 1048576K
}
Event: 3.778 GC heap before
{Heap before GC invocations=6 (full 0):
 PSYoungGen      total 28672K, used 28653K [0x00000000e0980000, 0x00000000e4980000, 0x0000000100000000)
  eden space 24576K, 100% used [0x00000000e0980000,0x00000000e2180000,0x00000000e2180000)
  from space 4096K, 99% used [0x00000000e2180000,0x00000000e257b430,0x00000000e2580000)
  to   space 8192K, 0% used [0x00000000e4180000,0x00000000e4180000,0x00000000e4980000)
 ParOldGen       total 65536K, used 4565K [0x00000000a1c00000, 0x00000000a5c00000, 0x00000000e0980000)
  object space 65536K, 6% used [0x00000000a1c00000,0x00000000a2075430,0x00000000a5c00000)
 Metaspace       used 12361K, capacity 12874K, committed 13056K, reserved 1060864K
  class space    used 1281K, capacity 1451K, committed 1536K, reserved 1048576K
Event: 3.799 GC heap after
Heap after GC invocations=6 (full 0):
 PSYoungGen      total 56320K, used 7377K [0x00000000e0980000, 0x00000000e4b80000, 0x0000000100000000)
  eden space 48128K, 0% used [0x00000000e0980000,0x00000000e0980000,0x00000000e3880000)
  from space 8192K, 90% used [0x00000000e4180000,0x00000000e48b4540,0x00000000e4980000)
  to   space 9216K, 0% used [0x00000000e3880000,0x00000000e3880000,0x00000000e4180000)
 ParOldGen       total 65536K, used 4573K [0x00000000a1c00000, 0x00000000a5c00000, 0x00000000e0980000)
  object space 65536K, 6% used [0x00000000a1c00000,0x00000000a2077430,0x00000000a5c00000)
 Metaspace       used 12361K, capacity 12874K, committed 13056K, reserved 1060864K
  class space    used 1281K, capacity 1451K, committed 1536K, reserved 1048576K
}
Event: 4.138 GC heap before
{Heap before GC invocations=7 (full 0):
 PSYoungGen      total 56320K, used 55505K [0x00000000e0980000, 0x00000000e4b80000, 0x0000000100000000)
  eden space 48128K, 100% used [0x00000000e0980000,0x00000000e3880000,0x00000000e3880000)
  from space 8192K, 90% used [0x00000000e4180000,0x00000000e48b4540,0x00000000e4980000)
  to   space 9216K, 0% used [0x00000000e3880000,0x00000000e3880000,0x00000000e4180000)
 ParOldGen       total 65536K, used 4573K [0x00000000a1c00000, 0x00000000a5c00000, 0x00000000e0980000)
  object space 65536K, 6% used [0x00000000a1c00000,0x00000000a2077430,0x00000000a5c00000)
 Metaspace       used 13293K, capacity 13826K, committed 13952K, reserved 1060864K
  class space    used 1372K, capacity 1555K, committed 1664K, reserved 1048576K
Event: 4.161 GC heap after
Heap after GC invocations=7 (full 0):
 PSYoungGen      total 57344K, used 5999K [0x00000000e0980000, 0x00000000e7980000, 0x0000000100000000)
  eden space 48128K, 0% used [0x00000000e0980000,0x00000000e0980000,0x00000000e3880000)
  from space 9216K, 65% used [0x00000000e3880000,0x00000000e3e5bdb8,0x00000000e4180000)
  to   space 9216K, 0% used [0x00000000e7080000,0x00000000e7080000,0x00000000e7980000)
 ParOldGen       total 65536K, used 7044K [0x00000000a1c00000, 0x00000000a5c00000, 0x00000000e0980000)
  object space 65536K, 10% used [0x00000000a1c00000,0x00000000a22e1020,0x00000000a5c00000)
 Metaspace       used 13293K, capacity 13826K, committed 13952K, reserved 1060864K
  class space    used 1372K, capacity 1555K, committed 1664K, reserved 1048576K
}
Event: 4.902 GC heap before
{Heap before GC invocations=8 (full 0):
 PSYoungGen      total 57344K, used 54127K [0x00000000e0980000, 0x00000000e7980000, 0x0000000100000000)
  eden space 48128K, 100% used [0x00000000e0980000,0x00000000e3880000,0x00000000e3880000)
  from space 9216K, 65% used [0x00000000e3880000,0x00000000e3e5bdb8,0x00000000e4180000)
  to   space 9216K, 0% used [0x00000000e7080000,0x00000000e7080000,0x00000000e7980000)
 ParOldGen       total 65536K, used 7044K [0x00000000a1c00000, 0x00000000a5c00000, 0x00000000e0980000)
  object space 65536K, 10% used [0x00000000a1c00000,0x00000000a22e1020,0x00000000a5c00000)
 Metaspace       used 14944K, capacity 15518K, committed 15872K, reserved 1062912K
  class space    used 1480K, capacity 1675K, committed 1792K, reserved 1048576K
Event: 4.939 GC heap after
Heap after GC invocations=8 (full 0):
 PSYoungGen      total 101376K, used 9207K [0x00000000e0980000, 0x00000000e8180000, 0x0000000100000000)
  eden space 92160K, 0% used [0x00000000e0980000,0x00000000e0980000,0x00000000e6380000)
  from space 9216K, 99% used [0x00000000e7080000,0x00000000e797dfb0,0x00000000e7980000)
  to   space 13312K, 0% used [0x00000000e6380000,0x00000000e6380000,0x00000000e7080000)
 ParOldGen       total 65536K, used 13220K [0x00000000a1c00000, 0x00000000a5c00000, 0x00000000e0980000)
  object space 65536K, 20% used [0x00000000a1c00000,0x00000000a28e9160,0x00000000a5c00000)
 Metaspace       used 14944K, capacity 15518K, committed 15872K, reserved 1062912K
  class space    used 1480K, capacity 1675K, committed 1792K, reserved 1048576K
}

